<?xml version="1.0" encoding="UTF-8"?>
<!-- Generated by org.testng.reporters.JUnitXMLReporter -->
<testsuite ignored="0" hostname="DESKTOP-RQI7PRF" failures="0" tests="16" name="Accounts Page Test" time="34.024" errors="0" timestamp="2025-06-16T14:40:50 IST">
  <testcase classname="com.qa.opencart.tests.AccountsPageTest" name="accountHeaderCountTest" time="0.219"/>
  <testcase classname="com.qa.opencart.tests.AccountsPageTest" name="accountHeaderValueTest" time="0.159"/>
  <testcase classname="com.qa.opencart.tests.AccountsPageTest" name="accountsPageTitleTest" time="0.043"/>
  <testcase classname="com.qa.opencart.tests.AccountsPageTest" name="accountsPageUrlTest" time="0.036"/>
  <testcase classname="com.qa.opencart.tests.AccountsPageTest" name="isLogoutLinkExistTest" time="0.084"/>
  <testcase classname="com.qa.opencart.tests.AccountsPageTest" name="searchProductCountTest" time="1.08"/>
  <testcase classname="com.qa.opencart.tests.AccountsPageTest" name="searchProductCountTest" time="0.944"/>
  <testcase classname="com.qa.opencart.tests.AccountsPageTest" name="searchProductCountTest" time="0.989"/>
  <testcase classname="com.qa.opencart.tests.AccountsPageTest" name="searchProductCountTest" time="1.01"/>
  <testcase classname="com.qa.opencart.tests.AccountsPageTest" name="searchProductExcelTest" time="2.449"/>
  <testcase classname="com.qa.opencart.tests.AccountsPageTest" name="searchProductExcelTest" time="1.913"/>
  <testcase classname="com.qa.opencart.tests.AccountsPageTest" name="searchProductExcelTest" time="1.623"/>
  <testcase classname="com.qa.opencart.tests.AccountsPageTest" name="searchProductTest" time="1.603"/>
  <testcase classname="com.qa.opencart.tests.AccountsPageTest" name="searchProductTest" time="1.565"/>
  <testcase classname="com.qa.opencart.tests.AccountsPageTest" name="searchProductTest" time="1.5"/>
  <testcase classname="com.qa.opencart.tests.AccountsPageTest" name="searchProductTest" time="1.778"/>
</testsuite> <!-- Accounts Page Test -->
