<?xml version="1.0" encoding="UTF-8"?>
<!-- Generated by org.testng.reporters.JUnitXMLReporter -->
<testsuite ignored="0" hostname="DESKTOP-RQI7PRF" failures="0" tests="16" name="Accounts Page Test" time="32.897" errors="0" timestamp="2025-06-23T12:25:20 IST">
  <testcase classname="com.qa.opencart.tests.AccountsPageTest" name="accountHeaderCountTest" time="0.173"/>
  <testcase classname="com.qa.opencart.tests.AccountsPageTest" name="accountHeaderValueTest" time="0.203"/>
  <testcase classname="com.qa.opencart.tests.AccountsPageTest" name="accountsPageTitleTest" time="0.037"/>
  <testcase classname="com.qa.opencart.tests.AccountsPageTest" name="accountsPageUrlTest" time="0.036"/>
  <testcase classname="com.qa.opencart.tests.AccountsPageTest" name="isLogoutLinkExistTest" time="0.109"/>
  <testcase classname="com.qa.opencart.tests.AccountsPageTest" name="searchProductCountTest" time="1.211"/>
  <testcase classname="com.qa.opencart.tests.AccountsPageTest" name="searchProductCountTest" time="1.588"/>
  <testcase classname="com.qa.opencart.tests.AccountsPageTest" name="searchProductCountTest" time="1.021"/>
  <testcase classname="com.qa.opencart.tests.AccountsPageTest" name="searchProductCountTest" time="1.14"/>
  <testcase classname="com.qa.opencart.tests.AccountsPageTest" name="searchProductExcelTest" time="2.202"/>
  <testcase classname="com.qa.opencart.tests.AccountsPageTest" name="searchProductExcelTest" time="1.77"/>
  <testcase classname="com.qa.opencart.tests.AccountsPageTest" name="searchProductExcelTest" time="2.263"/>
  <testcase classname="com.qa.opencart.tests.AccountsPageTest" name="searchProductTest" time="2.145"/>
  <testcase classname="com.qa.opencart.tests.AccountsPageTest" name="searchProductTest" time="2.087"/>
  <testcase classname="com.qa.opencart.tests.AccountsPageTest" name="searchProductTest" time="1.82"/>
  <testcase classname="com.qa.opencart.tests.AccountsPageTest" name="searchProductTest" time="2.228"/>
</testsuite> <!-- Accounts Page Test -->
