<?xml version="1.0" encoding="UTF-8"?>
<!-- Generated by org.testng.reporters.JUnitXMLReporter -->
<testsuite ignored="0" hostname="DESKTOP-RQI7PRF" failures="0" tests="4" name="Login Page Test" time="14.607" errors="0" timestamp="2025-06-16T14:40:31 IST">
  <testcase classname="com.qa.opencart.tests.LoginPageTest" name="loginPageTitleTest" time="0.124"/>
  <testcase classname="com.qa.opencart.tests.LoginPageTest" name="loginPageUrlTest" time="0.039"/>
  <testcase classname="com.qa.opencart.tests.LoginPageTest" name="forgotpassLinkExistTest" time="0.052"/>
  <testcase classname="com.qa.opencart.tests.LoginPageTest" name="loginTest" time="0.005"/>
</testsuite> <!-- Login Page Test -->
