<?xml version="1.0" encoding="UTF-8"?>
<!-- Generated by org.testng.reporters.JUnitXMLReporter -->
<testsuite ignored="0" hostname="DESKTOP-RQI7PRF" failures="0" tests="4" name="Default test" time="22.886" errors="0" timestamp="2025-05-15T15:59:24 IST">
  <testcase classname="com.qa.opencart.tests.LoginPageTest" name="loginPageTitleTest" time="0.085"/>
  <testcase classname="com.qa.opencart.tests.LoginPageTest" name="loginPageUrlTest" time="0.036"/>
  <testcase classname="com.qa.opencart.tests.LoginPageTest" name="forgotpassLinkExistTest" time="0.068"/>
  <testcase classname="com.qa.opencart.tests.LoginPageTest" name="loginTest" time="1.451"/>
</testsuite> <!-- Default test -->
