<?xml version="1.0" encoding="UTF-8"?>
<testng-results ignored="0" total="5" passed="5" failed="0" skipped="0">
  <reporter-output>
  </reporter-output>
  <suite started-at="2025-05-20T16:47:23 IST" name="Default suite" finished-at="2025-05-20T16:47:41 IST" duration-ms="18406">
    <groups>
    </groups>
    <test started-at="2025-05-20T16:47:23 IST" name="Default test" finished-at="2025-05-20T16:47:41 IST" duration-ms="18406">
      <class name="com.qa.opencart.tests.AccountsPageTest">
        <test-method is-config="true" signature="setUp()[pri:0, instance:com.qa.opencart.tests.AccountsPageTest@1f010bf0]" started-at="2025-05-20T16:47:23 IST" name="setUp" finished-at="2025-05-20T16:47:36 IST" duration-ms="13059" status="PASS">
          <reporter-output>
          </reporter-output>
        </test-method> <!-- setUp -->
        <test-method is-config="true" signature="accPageSetup()[pri:0, instance:com.qa.opencart.tests.AccountsPageTest@1f010bf0]" started-at="2025-05-20T16:47:36 IST" name="accPageSetup" finished-at="2025-05-20T16:47:40 IST" duration-ms="3961" status="PASS">
          <reporter-output>
          </reporter-output>
        </test-method> <!-- accPageSetup -->
        <test-method signature="accountHeaderCountTest()[pri:0, instance:com.qa.opencart.tests.AccountsPageTest@1f010bf0]" started-at="2025-05-20T16:47:40 IST" name="accountHeaderCountTest" finished-at="2025-05-20T16:47:40 IST" duration-ms="230" status="PASS">
          <reporter-output>
          </reporter-output>
        </test-method> <!-- accountHeaderCountTest -->
        <test-method signature="accountHeaderValueTest()[pri:0, instance:com.qa.opencart.tests.AccountsPageTest@1f010bf0]" started-at="2025-05-20T16:47:40 IST" name="accountHeaderValueTest" finished-at="2025-05-20T16:47:40 IST" duration-ms="168" status="PASS">
          <reporter-output>
          </reporter-output>
        </test-method> <!-- accountHeaderValueTest -->
        <test-method signature="accountsPageTitleTest()[pri:0, instance:com.qa.opencart.tests.AccountsPageTest@1f010bf0]" started-at="2025-05-20T16:47:40 IST" name="accountsPageTitleTest" finished-at="2025-05-20T16:47:40 IST" duration-ms="24" status="PASS">
          <reporter-output>
          </reporter-output>
        </test-method> <!-- accountsPageTitleTest -->
        <test-method signature="accountsPageUrlTest()[pri:0, instance:com.qa.opencart.tests.AccountsPageTest@1f010bf0]" started-at="2025-05-20T16:47:40 IST" name="accountsPageUrlTest" finished-at="2025-05-20T16:47:40 IST" duration-ms="26" status="PASS">
          <reporter-output>
          </reporter-output>
        </test-method> <!-- accountsPageUrlTest -->
        <test-method signature="isLogoutLinkExistTest()[pri:0, instance:com.qa.opencart.tests.AccountsPageTest@1f010bf0]" started-at="2025-05-20T16:47:40 IST" name="isLogoutLinkExistTest" finished-at="2025-05-20T16:47:41 IST" duration-ms="94" status="PASS">
          <reporter-output>
          </reporter-output>
        </test-method> <!-- isLogoutLinkExistTest -->
        <test-method is-config="true" signature="teardown()[pri:0, instance:com.qa.opencart.tests.AccountsPageTest@1f010bf0]" started-at="2025-05-20T16:47:41 IST" name="teardown" finished-at="2025-05-20T16:47:41 IST" duration-ms="454" status="PASS">
          <reporter-output>
          </reporter-output>
        </test-method> <!-- teardown -->
      </class> <!-- com.qa.opencart.tests.AccountsPageTest -->
    </test> <!-- Default test -->
  </suite> <!-- Default suite -->
</testng-results>
