<?xml version="1.0" encoding="UTF-8"?>
<testng-results ignored="0" total="3" passed="3" failed="0" skipped="0">
  <reporter-output>
  </reporter-output>
  <suite started-at="2025-06-16T15:00:57 IST" name="Default suite" finished-at="2025-06-16T15:01:43 IST" duration-ms="45546">
    <groups>
    </groups>
    <test started-at="2025-06-16T15:00:57 IST" name="Default test" finished-at="2025-06-16T15:01:43 IST" duration-ms="45546">
      <class name="com.qa.opencart.tests.RegistrationPageTest">
        <test-method is-config="true" signature="setUp()[pri:0, instance:com.qa.opencart.tests.RegistrationPageTest@63787180]" started-at="2025-06-16T15:00:57 IST" name="setUp" finished-at="2025-06-16T15:01:03 IST" duration-ms="5612" status="PASS">
          <reporter-output>
          </reporter-output>
        </test-method> <!-- setUp -->
        <test-method is-config="true" signature="regPagesetUp()[pri:0, instance:com.qa.opencart.tests.RegistrationPageTest@63787180]" started-at="2025-06-16T15:01:03 IST" name="regPagesetUp" finished-at="2025-06-16T15:01:05 IST" duration-ms="2263" status="PASS">
          <reporter-output>
          </reporter-output>
        </test-method> <!-- regPagesetUp -->
        <test-method signature="userRegTest(java.lang.String,java.lang.String,java.lang.String,java.lang.String,java.lang.String)[pri:0, instance:com.qa.opencart.tests.RegistrationPageTest@63787180]" started-at="2025-06-16T15:01:06 IST" name="userRegTest" data-provider="getRegTestData" finished-at="2025-06-16T15:01:19 IST" duration-ms="12899" status="PASS">
          <params>
            <param index="0">
              <value>
                <![CDATA[vivek]]>
              </value>
            </param>
            <param index="1">
              <value>
                <![CDATA[automation]]>
              </value>
            </param>
            <param index="2">
              <value>
                <![CDATA[9876543210]]>
              </value>
            </param>
            <param index="3">
              <value>
                <![CDATA[vivek@1234]]>
              </value>
            </param>
            <param index="4">
              <value>
                <![CDATA[yes]]>
              </value>
            </param>
          </params>
          <reporter-output>
          </reporter-output>
        </test-method> <!-- userRegTest -->
        <test-method signature="userRegTest(java.lang.String,java.lang.String,java.lang.String,java.lang.String,java.lang.String)[pri:0, instance:com.qa.opencart.tests.RegistrationPageTest@63787180]" started-at="2025-06-16T15:01:19 IST" name="userRegTest" data-provider="getRegTestData" finished-at="2025-06-16T15:01:31 IST" duration-ms="11500" status="PASS">
          <params>
            <param index="0">
              <value>
                <![CDATA[rani]]>
              </value>
            </param>
            <param index="1">
              <value>
                <![CDATA[automation ]]>
              </value>
            </param>
            <param index="2">
              <value>
                <![CDATA[8888888888]]>
              </value>
            </param>
            <param index="3">
              <value>
                <![CDATA[Test@11]]>
              </value>
            </param>
            <param index="4">
              <value>
                <![CDATA[no]]>
              </value>
            </param>
          </params>
          <reporter-output>
          </reporter-output>
        </test-method> <!-- userRegTest -->
        <test-method signature="userRegTest(java.lang.String,java.lang.String,java.lang.String,java.lang.String,java.lang.String)[pri:0, instance:com.qa.opencart.tests.RegistrationPageTest@63787180]" started-at="2025-06-16T15:01:31 IST" name="userRegTest" data-provider="getRegTestData" finished-at="2025-06-16T15:01:42 IST" duration-ms="11156" status="PASS">
          <params>
            <param index="0">
              <value>
                <![CDATA[jadu]]>
              </value>
            </param>
            <param index="1">
              <value>
                <![CDATA[rani]]>
              </value>
            </param>
            <param index="2">
              <value>
                <![CDATA[1234567890]]>
              </value>
            </param>
            <param index="3">
              <value>
                <![CDATA[Test@1111]]>
              </value>
            </param>
            <param index="4">
              <value>
                <![CDATA[no]]>
              </value>
            </param>
          </params>
          <reporter-output>
          </reporter-output>
        </test-method> <!-- userRegTest -->
        <test-method is-config="true" signature="teardown()[pri:0, instance:com.qa.opencart.tests.RegistrationPageTest@63787180]" started-at="2025-06-16T15:01:42 IST" name="teardown" finished-at="2025-06-16T15:01:43 IST" duration-ms="429" status="PASS">
          <reporter-output>
          </reporter-output>
        </test-method> <!-- teardown -->
      </class> <!-- com.qa.opencart.tests.RegistrationPageTest -->
    </test> <!-- Default test -->
  </suite> <!-- Default suite -->
</testng-results>
