<?xml version="1.0" encoding="UTF-8"?>
<!-- Generated by org.testng.reporters.JUnitReportReporter -->
<testsuite hostname="DESKTOP-RQI7PRF" failures="0" tests="4" name="com.qa.opencart.tests.LoginPageTest" time="0.282" errors="0" timestamp="2025-06-23T12:25:20 IST" skipped="0">
  <testcase classname="com.qa.opencart.tests.LoginPageTest" name="loginPageTitleTest" time="0.163"/>
  <testcase classname="com.qa.opencart.tests.LoginPageTest" name="loginPageUrlTest" time="0.059"/>
  <testcase classname="com.qa.opencart.tests.LoginPageTest" name="forgotpassLinkExistTest" time="0.055"/>
  <testcase classname="com.qa.opencart.tests.LoginPageTest" name="loginTest" time="0.005"/>
</testsuite> <!-- com.qa.opencart.tests.LoginPageTest -->
