<?xml version="1.0" encoding="UTF-8"?>
<!-- Generated by org.testng.reporters.JUnitReportReporter -->
<testsuite hostname="DESKTOP-RQI7PRF" failures="0" tests="3" name="com.qa.opencart.tests.RegistrationPageTest" time="13.346" errors="0" timestamp="2025-06-11T14:51:24 IST" skipped="0">
  <testcase classname="com.qa.opencart.tests.RegistrationPageTest" name="userRegTest" time="4.747"/>
  <testcase classname="com.qa.opencart.tests.RegistrationPageTest" name="userRegTest" time="4.136"/>
  <testcase classname="com.qa.opencart.tests.RegistrationPageTest" name="userRegTest" time="4.463"/>
</testsuite> <!-- com.qa.opencart.tests.RegistrationPageTest -->
