<?xml version="1.0" encoding="UTF-8"?>
<!-- Generated by org.testng.reporters.JUnitReportReporter -->
<testsuite hostname="DESKTOP-RQI7PRF" failures="0" tests="13" name="com.qa.opencart.tests.AccountsPageTest" time="12.310" errors="0" timestamp="2025-05-21T14:13:51 IST" skipped="0">
  <testcase classname="com.qa.opencart.tests.AccountsPageTest" name="accountHeaderValueTest" time="0.171"/>
  <testcase classname="com.qa.opencart.tests.AccountsPageTest" name="searchProductCountTest" time="1.037"/>
  <testcase classname="com.qa.opencart.tests.AccountsPageTest" name="searchProductTest" time="1.692"/>
  <testcase classname="com.qa.opencart.tests.AccountsPageTest" name="accountsPageTitleTest" time="0.031"/>
  <testcase classname="com.qa.opencart.tests.AccountsPageTest" name="searchProductTest" time="2.369"/>
  <testcase classname="com.qa.opencart.tests.AccountsPageTest" name="searchProductCountTest" time="1.195"/>
  <testcase classname="com.qa.opencart.tests.AccountsPageTest" name="searchProductTest" time="1.638"/>
  <testcase classname="com.qa.opencart.tests.AccountsPageTest" name="searchProductTest" time="1.888"/>
  <testcase classname="com.qa.opencart.tests.AccountsPageTest" name="accountsPageUrlTest" time="0.024"/>
  <testcase classname="com.qa.opencart.tests.AccountsPageTest" name="searchProductCountTest" time="0.982"/>
  <testcase classname="com.qa.opencart.tests.AccountsPageTest" name="isLogoutLinkExistTest" time="0.074"/>
  <testcase classname="com.qa.opencart.tests.AccountsPageTest" name="accountHeaderCountTest" time="0.250"/>
  <testcase classname="com.qa.opencart.tests.AccountsPageTest" name="searchProductCountTest" time="0.959"/>
</testsuite> <!-- com.qa.opencart.tests.AccountsPageTest -->
